<?xml version="1.0" encoding="UTF-8"?>
<!-- Generated by org.testng.reporters.JUnitReportReporter -->
<testsuite hostname="DESKTOP-R0UOHF1" failures="0" tests="2" name="Docker.Setup_DockerGrid" time="30.087" errors="0" timestamp="06 May 2021 04:15:13 GMT" skipped="0">
  <testcase classname="Docker.Setup_DockerGrid" name="startdocker" time="15.023"/>
  <testcase classname="Docker.Setup_DockerGrid" name="stopdocker" time="15.064"/>
</testsuite> <!-- Docker.Setup_DockerGrid -->
