<?xml version="1.0" encoding="UTF-8"?>
<!-- Generated by org.testng.reporters.JUnitReportReporter -->
<testsuite hostname="DESKTOP-R0UOHF1" failures="0" tests="1" name="Docker.ChromeTest" time="7.225" errors="0" timestamp="12 May 2021 16:19:31 GMT" skipped="0">
  <testcase classname="Docker.ChromeTest" name="test1" time="7.225"/>
</testsuite> <!-- Docker.ChromeTest -->
