<?xml version="1.0" encoding="UTF-8"?>
<!-- Generated by org.testng.reporters.JUnitReportReporter -->
<testsuite hostname="DESKTOP-R0UOHF1" failures="0" tests="1" name="Docker.FirefoxTest" time="8.361" errors="0" timestamp="12 May 2021 16:19:31 GMT" skipped="0">
  <testcase classname="Docker.FirefoxTest" name="test2" time="8.361"/>
</testsuite> <!-- Docker.FirefoxTest -->
